Using pre-set license
Built from 'HEAD' branch; Version is '2021.3.16f1c1 (56dbfdd6697f) revision 5692413'; Using compiler version '192829333'; Build Type 'Release'
OS: 'Windows 11  (10.0.22621) 64bit Professional' Language: 'zh' Physical Memory: 32724 MB
BatchMode: 1, IsHumanControllingUs: 0, StartBugReporterOnCrash: 0, Is64bit: 1, IsPro: 1

COMMAND LINE ARGUMENTS:
C:\Program Files\Unity\Hub\Editor\2021.3.16f1c1\Editor\Unity.exe
-adb2
-batchMode
-noUpm
-name
AssetImportWorker0
-projectPath
C:/Users/Lukky/Documents/GitHub/UnityExample/Tilemap
-logFile
Logs/AssetImportWorker0.log
-srvPort
3167
Successfully changed project path to: C:/Users/Lukky/Documents/GitHub/UnityExample/Tilemap
C:/Users/Lukky/Documents/GitHub/UnityExample/Tilemap
[UnityMemory] Configuration Parameters - Can be set up in boot.config
    "memorysetup-bucket-allocator-granularity=16"
    "memorysetup-bucket-allocator-bucket-count=8"
    "memorysetup-bucket-allocator-block-size=33554432"
    "memorysetup-bucket-allocator-block-count=8"
    "memorysetup-main-allocator-block-size=16777216"
    "memorysetup-thread-allocator-block-size=16777216"
    "memorysetup-gfx-main-allocator-block-size=16777216"
    "memorysetup-gfx-thread-allocator-block-size=16777216"
    "memorysetup-cache-allocator-block-size=4194304"
    "memorysetup-typetree-allocator-block-size=2097152"
    "memorysetup-profiler-bucket-allocator-granularity=16"
    "memorysetup-profiler-bucket-allocator-bucket-count=8"
    "memorysetup-profiler-bucket-allocator-block-size=33554432"
    "memorysetup-profiler-bucket-allocator-block-count=8"
    "memorysetup-profiler-allocator-block-size=16777216"
    "memorysetup-profiler-editor-allocator-block-size=1048576"
    "memorysetup-temp-allocator-size-main=16777216"
    "memorysetup-job-temp-allocator-block-size=2097152"
    "memorysetup-job-temp-allocator-block-size-background=1048576"
    "memorysetup-job-temp-allocator-reduction-small-platforms=262144"
    "memorysetup-temp-allocator-size-background-worker=32768"
    "memorysetup-temp-allocator-size-job-worker=262144"
    "memorysetup-temp-allocator-size-preload-manager=33554432"
    "memorysetup-temp-allocator-size-nav-mesh-worker=65536"
    "memorysetup-temp-allocator-size-audio-worker=65536"
    "memorysetup-temp-allocator-size-cloud-worker=32768"
    "memorysetup-temp-allocator-size-gi-baking-worker=262144"
    "memorysetup-temp-allocator-size-gfx=262144"
Player connection [3200] Host "[IP] 192.168.31.231 [Port] 0 [Flags] 2 [Guid] 4283790985 [EditorId] 4283790985 [Version] 1048832 [Id] WindowsEditor(7,LUKKY-DESKTOP) [Debug] 1 [PackageName] WindowsEditor [ProjectName] Editor" joined multi-casting on [225.0.0.222:54997]...

Player connection [3200] Host "[IP] 192.168.31.231 [Port] 0 [Flags] 2 [Guid] 4283790985 [EditorId] 4283790985 [Version] 1048832 [Id] WindowsEditor(7,LUKKY-DESKTOP) [Debug] 1 [PackageName] WindowsEditor [ProjectName] Editor" joined alternative multi-casting on [225.0.0.222:34997]...

AS: AutoStreaming module initializing.
Refreshing native plugins compatible for Editor in 178.57 ms, found 4 plugins.
Preloading 0 native plugins for Editor in 0.00 ms.
Initialize engine version: 2021.3.16f1c1 (56dbfdd6697f)
[Subsystems] Discovering subsystems at path C:/Program Files/Unity/Hub/Editor/2021.3.16f1c1/Editor/Data/Resources/UnitySubsystems
[Subsystems] Discovering subsystems at path C:/Users/Lukky/Documents/GitHub/UnityExample/Tilemap/Assets
GfxDevice: creating device client; threaded=0; jobified=0
Direct3D:
    Version:  Direct3D 11.0 [level 11.1]
    Renderer: NVIDIA GeForce GTX 1660 (ID=0x2184)
    Vendor:   NVIDIA
    VRAM:     5991 MB
    Driver:   27.21.14.5671
Initialize mono
Mono path[0] = 'C:/Program Files/Unity/Hub/Editor/2021.3.16f1c1/Editor/Data/Managed'
Mono path[1] = 'C:/Program Files/Unity/Hub/Editor/2021.3.16f1c1/Editor/Data/MonoBleedingEdge/lib/mono/unityjit-win32'
Mono config path = 'C:/Program Files/Unity/Hub/Editor/2021.3.16f1c1/Editor/Data/MonoBleedingEdge/etc'
Using monoOptions --debugger-agent=transport=dt_socket,embedding=1,server=y,suspend=n,address=127.0.0.1:56760
Begin MonoManager ReloadAssembly
Registering precompiled unity dll's ...
Register platform support module: C:/Program Files/Unity/Hub/Editor/2021.3.16f1c1/Editor/Data/PlaybackEngines/WebGLSupport/UnityEditor.WebGL.Extensions.dll
Register platform support module: C:/Program Files/Unity/Hub/Editor/2021.3.16f1c1/Editor/Data/PlaybackEngines/AndroidPlayer/UnityEditor.Android.Extensions.dll
Register platform support module: C:/Program Files/Unity/Hub/Editor/2021.3.16f1c1/Editor/Data/PlaybackEngines/WindowsStandaloneSupport/UnityEditor.WindowsStandalone.Extensions.dll
Registered in 0.012193 seconds.
Native extension for WindowsStandalone target not found
Native extension for Android target not found
Native extension for WebGL target not found
Refreshing native plugins compatible for Editor in 131.84 ms, found 4 plugins.
Preloading 0 native plugins for Editor in 0.00 ms.
Mono: successfully reloaded assembly
- Completed reload, in  1.255 seconds
Domain Reload Profiling:
	ReloadAssembly (1256ms)
		BeginReloadAssembly (163ms)
			ExecutionOrderSort (0ms)
			DisableScriptedObjects (0ms)
			BackupInstance (0ms)
			ReleaseScriptingObjects (0ms)
			CreateAndSetChildDomain (2ms)
		EndReloadAssembly (882ms)
			LoadAssemblies (152ms)
			RebuildTransferFunctionScriptingTraits (0ms)
			SetupTypeCache (243ms)
			ReleaseScriptCaches (0ms)
			RebuildScriptCaches (56ms)
			SetupLoadedEditorAssemblies (468ms)
				LogAssemblyErrors (0ms)
				InitializePlatformSupportModulesInManaged (106ms)
				SetLoadedEditorAssemblies (0ms)
				RefreshPlugins (132ms)
				BeforeProcessingInitializeOnLoad (2ms)
				ProcessInitializeOnLoadAttributes (146ms)
				ProcessInitializeOnLoadMethodAttributes (82ms)
				AfterProcessingInitializeOnLoad (0ms)
				EditorAssembliesLoaded (0ms)
			ExecutionOrderSort2 (0ms)
			AwakeInstancesAfterBackupRestoration (0ms)
Platform modules already initialized, skipping
Registering precompiled user dll's ...
Registered in 0.031727 seconds.
Begin MonoManager ReloadAssembly
Symbol file LoadedFromMemory doesn't match image C:\Users\Lukky\Documents\GitHub\UnityExample\Tilemap\Library\PackageCache\com.unity.visualscripting@1.7.8\Editor\VisualScripting.Core\Dependencies\YamlDotNet\Unity.VisualScripting.YamlDotNet.dll
Symbol file LoadedFromMemory doesn't match image C:\Users\Lukky\Documents\GitHub\UnityExample\Tilemap\Library\PackageCache\com.unity.visualscripting@1.7.8\Editor\VisualScripting.Core\Dependencies\DotNetZip\Unity.VisualScripting.IonicZip.dll
Native extension for WindowsStandalone target not found
Native extension for Android target not found
Native extension for WebGL target not found
Refreshing native plugins compatible for Editor in 134.53 ms, found 4 plugins.
Preloading 0 native plugins for Editor in 0.00 ms.
Mono: successfully reloaded assembly
- Completed reload, in  2.546 seconds
Domain Reload Profiling:
	ReloadAssembly (2547ms)
		BeginReloadAssembly (339ms)
			ExecutionOrderSort (0ms)
			DisableScriptedObjects (17ms)
			BackupInstance (0ms)
			ReleaseScriptingObjects (0ms)
			CreateAndSetChildDomain (144ms)
		EndReloadAssembly (1975ms)
			LoadAssemblies (172ms)
			RebuildTransferFunctionScriptingTraits (0ms)
			SetupTypeCache (484ms)
			ReleaseScriptCaches (2ms)
			RebuildScriptCaches (104ms)
			SetupLoadedEditorAssemblies (1109ms)
				LogAssemblyErrors (0ms)
				InitializePlatformSupportModulesInManaged (28ms)
				SetLoadedEditorAssemblies (0ms)
				RefreshPlugins (135ms)
				BeforeProcessingInitializeOnLoad (161ms)
				ProcessInitializeOnLoadAttributes (689ms)
				ProcessInitializeOnLoadMethodAttributes (68ms)
				AfterProcessingInitializeOnLoad (29ms)
				EditorAssembliesLoaded (0ms)
			ExecutionOrderSort2 (0ms)
			AwakeInstancesAfterBackupRestoration (13ms)
Platform modules already initialized, skipping
========================================================================
Worker process is ready to serve import requests
Launched and connected shader compiler UnityShaderCompiler.exe after 0.10 seconds
Refreshing native plugins compatible for Editor in 1.17 ms, found 4 plugins.
Preloading 0 native plugins for Editor in 0.00 ms.
Unloading 4045 Unused Serialized files (Serialized files now loaded: 0)
Unloading 44 unused Assets / (229.2 KB). Loaded Objects now: 4498.
Memory consumption went from 155.0 MB to 154.8 MB.
Total: 5.681500 ms (FindLiveObjects: 0.459800 ms CreateObjectMapping: 0.464900 ms MarkObjects: 4.541000 ms  DeleteObjects: 0.213900 ms)

AssetImportParameters requested are different than current active one (requested -> active):
  custom:video-decoder-ogg-theora: a1e56fd34408186e4bbccfd4996cb3dc -> 
  custom:container-muxer-webm: aa71ff27fc2769a1b78a27578f13a17b -> 
  custom:container-demuxer-webm: 4f35f7cbe854078d1ac9338744f61a02 -> 
  custom:video-encoder-webm-vp8: eb34c28f22e8b96e1ab97ce403110664 -> 
  custom:video-codec-MediaFoundation-h265: 746d11721c4dcdbdad8f713fa42b33f4 -> 
  custom:audio-encoder-webm-vorbis: bf7c407c2cedff20999df2af8eb42d56 -> 
  custom:framework-win-MediaFoundation: 216162199b28c13a410421893ffa2e32 -> 
  custom:container-demuxer-ogg: 62fdf1f143b41e24485cea50d1cbac27 -> 
  custom:video-decoder-webm-vp8: 9c59270c3fd7afecdb556c50c9e8de78 -> 
  custom:audio-decoder-ogg-vorbis: bf7c407c2cedff20999df2af8eb42d56 -> 
========================================================================
Received Import Request.
  Time since last request: 10748.843905 seconds.
  path: Packages/com.unity.2d.pixel-perfect
  artifactKey: Guid(915dabe870142d4eb34a5dbf62d6df68) Importer(815301076,1909f56bfc062723c751e8b465ee728b)
Start importing Packages/com.unity.2d.pixel-perfect using Guid(915dabe870142d4eb34a5dbf62d6df68) Importer(815301076,1909f56bfc062723c751e8b465ee728b)  -> (artifact id: 'c2d7d1dff75c218d0e33b7ddca8105ed') in 0.016162 seconds 
========================================================================
Received Import Request.
  Time since last request: 0.000035 seconds.
  path: Packages/com.unity.2d.animation/IK/Runtime/CCDSolver2D.cs
  artifactKey: Guid(ef93bb9fe9d240e418a7fb8b476f3d34) Importer(815301076,1909f56bfc062723c751e8b465ee728b)
Start importing Packages/com.unity.2d.animation/IK/Runtime/CCDSolver2D.cs using Guid(ef93bb9fe9d240e418a7fb8b476f3d34) Importer(815301076,1909f56bfc062723c751e8b465ee728b)  -> (artifact id: '5568279477dc53b4c9291cddd82d550b') in 0.035148 seconds 
========================================================================
Received Import Request.
  Time since last request: 3.367257 seconds.
  path: Packages/com.unity.2d.pixel-perfect/Editor/Icons/Cinemachine.png
  artifactKey: Guid(8dafc8bde78edde44bf6e6aab96eb100) Importer(815301076,1909f56bfc062723c751e8b465ee728b)
Start importing Packages/com.unity.2d.pixel-perfect/Editor/Icons/Cinemachine.png using Guid(8dafc8bde78edde44bf6e6aab96eb100) Importer(815301076,1909f56bfc062723c751e8b465ee728b)  -> (artifact id: 'cda14ed430425d73992f733589f37561') in 0.061119 seconds 
========================================================================
Received Import Request.
  Time since last request: 3.212552 seconds.
  path: Packages/com.unity.2d.pixel-perfect/Editor/Icons/PixelPerfectCamera.png
  artifactKey: Guid(08a04b12dd0d5ec4da08f074806d5bf7) Importer(815301076,1909f56bfc062723c751e8b465ee728b)
Start importing Packages/com.unity.2d.pixel-perfect/Editor/Icons/PixelPerfectCamera.png using Guid(08a04b12dd0d5ec4da08f074806d5bf7) Importer(815301076,1909f56bfc062723c751e8b465ee728b)  -> (artifact id: 'bafa78339e994ebdf5963160603d4400') in 0.012138 seconds 
========================================================================
Received Import Request.
  Time since last request: 344.112672 seconds.
  path: Assets/Backyard - Free/backyard.png
  artifactKey: Guid(01842c69a0801d74382f6f4ed41ec4bf) Importer(815301076,1909f56bfc062723c751e8b465ee728b)
Start importing Assets/Backyard - Free/backyard.png using Guid(01842c69a0801d74382f6f4ed41ec4bf) Importer(815301076,1909f56bfc062723c751e8b465ee728b)  -> (artifact id: '4c212d65b1ce7ca10762c1ad9cdfbceb') in 0.323882 seconds 
========================================================================
Received Import Request.
  Time since last request: 7.270890 seconds.
  path: Assets/Backyard - Free/sample_ground.png
  artifactKey: Guid(554eb3f7771ceeb4ca590c856d92dbca) Importer(815301076,1909f56bfc062723c751e8b465ee728b)
Start importing Assets/Backyard - Free/sample_ground.png using Guid(554eb3f7771ceeb4ca590c856d92dbca) Importer(815301076,1909f56bfc062723c751e8b465ee728b)  -> (artifact id: 'f05712f09dfa07cfa716953a1151d41d') in 0.063964 seconds 
========================================================================
Received Import Request.
  Time since last request: 477.777788 seconds.
  path: Assets/New Palette.prefab
  artifactKey: Guid(8a36f0d77df9dcd4794d1471384b7752) Importer(815301076,1909f56bfc062723c751e8b465ee728b)
Start importing Assets/New Palette.prefab using Guid(8a36f0d77df9dcd4794d1471384b7752) Importer(815301076,1909f56bfc062723c751e8b465ee728b)  -> (artifact id: 'a69a62d323750fe67bad962565371023') in 0.103295 seconds 
========================================================================
Received Import Request.
  Time since last request: 85.623758 seconds.
  path: Assets/Tile/backyard_0.asset
  artifactKey: Guid(c3b06c21ff410c343a95406b13cb96c2) Importer(815301076,1909f56bfc062723c751e8b465ee728b)
Start importing Assets/Tile/backyard_0.asset using Guid(c3b06c21ff410c343a95406b13cb96c2) Importer(815301076,1909f56bfc062723c751e8b465ee728b)  -> (artifact id: '49301de48ab9728a09a96d475456ad7e') in 0.025684 seconds 
========================================================================
Received Import Request.
  Time since last request: 0.599407 seconds.
  path: Assets/Tile/backyard_1.asset
  artifactKey: Guid(fc4de63e8f3e15e459b470354c8d1108) Importer(815301076,1909f56bfc062723c751e8b465ee728b)
Start importing Assets/Tile/backyard_1.asset using Guid(fc4de63e8f3e15e459b470354c8d1108) Importer(815301076,1909f56bfc062723c751e8b465ee728b)  -> (artifact id: '76166fe1f03cf2d908e0eb589298d6aa') in 0.015921 seconds 
========================================================================
Received Import Request.
  Time since last request: 0.352169 seconds.
  path: Assets/Tile/backyard_2.asset
  artifactKey: Guid(e287a0940a01a2144845ab229c4bc133) Importer(815301076,1909f56bfc062723c751e8b465ee728b)
Start importing Assets/Tile/backyard_2.asset using Guid(e287a0940a01a2144845ab229c4bc133) Importer(815301076,1909f56bfc062723c751e8b465ee728b)  -> (artifact id: '9b040adb3426af8ae5ca21a2bcf4410f') in 0.016653 seconds 
========================================================================
Received Import Request.
  Time since last request: 0.276779 seconds.
  path: Assets/Tile/backyard_4.asset
  artifactKey: Guid(4eefdd3d97944624a88afe36d665d194) Importer(815301076,1909f56bfc062723c751e8b465ee728b)
Start importing Assets/Tile/backyard_4.asset using Guid(4eefdd3d97944624a88afe36d665d194) Importer(815301076,1909f56bfc062723c751e8b465ee728b)  -> (artifact id: '350ed4baca2d594a551bcda96a70971b') in 0.015248 seconds 
========================================================================
Received Import Request.
  Time since last request: 0.403977 seconds.
  path: Assets/Tile/backyard_7.asset
  artifactKey: Guid(c3241d1101d4ee14c8108bb075ecd8da) Importer(815301076,1909f56bfc062723c751e8b465ee728b)
Start importing Assets/Tile/backyard_7.asset using Guid(c3241d1101d4ee14c8108bb075ecd8da) Importer(815301076,1909f56bfc062723c751e8b465ee728b)  -> (artifact id: 'e1efcde1739cc8a49183c762fc4cf6a2') in 0.014989 seconds 
========================================================================
Received Import Request.
  Time since last request: 0.354000 seconds.
  path: Assets/Tile/backyard_11.asset
  artifactKey: Guid(48d416f63682a9249ba180fe00f1ceda) Importer(815301076,1909f56bfc062723c751e8b465ee728b)
Start importing Assets/Tile/backyard_11.asset using Guid(48d416f63682a9249ba180fe00f1ceda) Importer(815301076,1909f56bfc062723c751e8b465ee728b)  -> (artifact id: '89970c09b9ff27e80130d8f90edf55ae') in 0.014305 seconds 
========================================================================
Received Prepare
Registering precompiled user dll's ...
Registered in 0.027859 seconds.
Begin MonoManager ReloadAssembly
Symbol file LoadedFromMemory doesn't match image C:\Users\Lukky\Documents\GitHub\UnityExample\Tilemap\Library\PackageCache\com.unity.visualscripting@1.7.8\Editor\VisualScripting.Core\Dependencies\YamlDotNet\Unity.VisualScripting.YamlDotNet.dll
Symbol file LoadedFromMemory doesn't match image C:\Users\Lukky\Documents\GitHub\UnityExample\Tilemap\Library\PackageCache\com.unity.visualscripting@1.7.8\Editor\VisualScripting.Core\Dependencies\DotNetZip\Unity.VisualScripting.IonicZip.dll
Native extension for WindowsStandalone target not found
Native extension for Android target not found
Native extension for WebGL target not found
Refreshing native plugins compatible for Editor in 1.32 ms, found 4 plugins.
Preloading 0 native plugins for Editor in 0.00 ms.
Mono: successfully reloaded assembly
- Completed reload, in  2.164 seconds
Domain Reload Profiling:
	ReloadAssembly (2165ms)
		BeginReloadAssembly (309ms)
			ExecutionOrderSort (0ms)
			DisableScriptedObjects (13ms)
			BackupInstance (0ms)
			ReleaseScriptingObjects (0ms)
			CreateAndSetChildDomain (93ms)
		EndReloadAssembly (1644ms)
			LoadAssemblies (214ms)
			RebuildTransferFunctionScriptingTraits (0ms)
			SetupTypeCache (421ms)
			ReleaseScriptCaches (2ms)
			RebuildScriptCaches (73ms)
			SetupLoadedEditorAssemblies (876ms)
				LogAssemblyErrors (0ms)
				InitializePlatformSupportModulesInManaged (42ms)
				SetLoadedEditorAssemblies (1ms)
				RefreshPlugins (1ms)
				BeforeProcessingInitializeOnLoad (132ms)
				ProcessInitializeOnLoadAttributes (614ms)
				ProcessInitializeOnLoadMethodAttributes (57ms)
				AfterProcessingInitializeOnLoad (28ms)
				EditorAssembliesLoaded (0ms)
			ExecutionOrderSort2 (0ms)
			AwakeInstancesAfterBackupRestoration (15ms)
Platform modules already initialized, skipping
Refreshing native plugins compatible for Editor in 6.04 ms, found 4 plugins.
Preloading 0 native plugins for Editor in 0.00 ms.
Unloading 4040 Unused Serialized files (Serialized files now loaded: 0)
Unloading 31 unused Assets / (195.7 KB). Loaded Objects now: 4519.
Memory consumption went from 159.4 MB to 159.2 MB.
Total: 5.836200 ms (FindLiveObjects: 0.429900 ms CreateObjectMapping: 0.306400 ms MarkObjects: 4.592800 ms  DeleteObjects: 0.504100 ms)

AssetImportParameters requested are different than current active one (requested -> active):
  custom:video-decoder-ogg-theora: a1e56fd34408186e4bbccfd4996cb3dc -> 
  custom:container-muxer-webm: aa71ff27fc2769a1b78a27578f13a17b -> 
  custom:container-demuxer-webm: 4f35f7cbe854078d1ac9338744f61a02 -> 
  custom:video-encoder-webm-vp8: eb34c28f22e8b96e1ab97ce403110664 -> 
  custom:video-codec-MediaFoundation-h265: 746d11721c4dcdbdad8f713fa42b33f4 -> 
  custom:audio-encoder-webm-vorbis: bf7c407c2cedff20999df2af8eb42d56 -> 
  custom:framework-win-MediaFoundation: 216162199b28c13a410421893ffa2e32 -> 
  custom:container-demuxer-ogg: 62fdf1f143b41e24485cea50d1cbac27 -> 
  custom:video-decoder-webm-vp8: 9c59270c3fd7afecdb556c50c9e8de78 -> 
  custom:audio-decoder-ogg-vorbis: bf7c407c2cedff20999df2af8eb42d56 -> 
